0
1
1
11
2
119
3
0
4
39
5
33
6
25
7
23
8
0
9
15
10
9
11
0
12
0
13
1
14
16
15
119
16
0
17
7
18
1
19
21
20
23
21
0
22
11
23
1
24
19
25
119
26
0
27
9
28
1
29
32
30
119
31
0
32
8
33
2
34
14
35
119
36
0
37
4
38
19
39
23
40
0
41
18
42
57
43
0
44
0
45
1
46
0
47
0
48
0
49
4
50
14
51
119
52
0
53
5
54
14
55
119
56
0
57
2
58
17
59
119
60
0
61
4
62
19
63
23
64
0
65
18
66
81
67
0
68
0
69
1
70
0
71
0
72
0
73
4
74
17
75
119
76
0
77
5
78
17
79
119
80
0
81
33
82
112
83
0
84
0
85
1
86
32
87
119
88
0
89
7
90
1
91
21
92
23
93
0
94
11
95
16
96
111
97
0
98
0
99
1
100
0
101
0
102
0
103
4
104
29
105
119
106
0
107
5
108
29
109
119
110
0
111
34
112
1
113
0
114
0
115
0
116
5
117
29
118
119
119
0
120
11
121
1
122
19
123
119
124
0
125
13
126
42
127
13
128
42
129
13
130
19
131
146
132
0
133
0
134
2
135
29
136
119
137
0
138
3
139
14
140
119
141
0
142
5
143
29
144
119
145
0
146
11
147
1
148
14
149
119
150
0
151
14
152
41
153
14
154
41
155
14
156
1
157
0
158
0
159
0
160
3
161
17
162
119
163
0
164
17
165
120
166
0
167
0
168
34
169
1
170
0
171
0
172
0
173
3
174
17
175
119
176
0
177
16
178
122
179
1
180
0
181
1
182
16
183
119
184
0
185
7
186
1
187
21
188
23
189
0
190
11
191
1
192
19
193
119
194
0
195
9
196
1
197
32
198
119
199
0
200
8
201
2
202
14
203
119
204
0
205
4
206
19
207
23
208
0
209
18
210
225
211
0
212
0
213
1
214
0
215
0
216
0
217
4
218
14
219
119
220
0
221
5
222
14
223
119
224
0
225
2
226
17
227
119
228
0
229
4
230
19
231
23
232
0
233
18
234
249
235
0
236
0
237
1
238
0
239
0
240
0
241
4
242
17
243
119
244
0
245
5
246
17
247
119
248
0
249
33
250
24
251
1
252
0
253
1
254
32
255
119
256
0
257
7
258
1
259
21
260
23
261
0
262
11
263
16
264
23
265
1
266
0
267
1
268
0
269
0
270
0
271
4
272
29
273
119
274
0
275
5
276
29
277
119
278
0
279
34
280
2
281
17
282
119
283
0
284
4
285
14
286
119
287
0
288
19
289
131
290
1
291
0
292
1
293
0
294
0
295
0
296
5
297
29
298
119
299
0
300
3
301
14
302
119
303
0
304
16
305
122
306
1
307
0
308
1
309
31
310
119
311
0
312
13
313
42
314
13
315
42
316
13
317
1
318
14
319
119
320
0
321
14
322
41
323
14
324
41
325
14
326
2
327
17
328
119
329
0
330
4
331
14
332
119
333
0
334
18
335
52
336
1
337
0
338
11
339
1
340
16
341
119
342
0
343
13
344
42
345
13
346
42
347
13
348
2
349
17
350
119
351
0
352
4
353
14
354
119
355
0
356
19
357
108
358
1
359
0
360
5
361
17
362
119
363
0
364
1
365
29
366
119
367
0
368
14
369
41
370
14
371
41
372
14
373
18
374
82
375
1
376
0
377
34
378
1
379
0
380
0
381
128
382
5
383
29
384
119
385
0
386
34
387
1
388
0
389
0
390
0
391
5
392
29
393
119
394
0
395
34
396
1
397
253
398
255
399
255
400
6
401
0
402
8
403
6
404
0
405
12
406
16
407
147
408
1
409
0
410
8
411
6
412
0
413
41
414
8
415
41
416
8
417
34
418
1
419
14
420
119
421
0
422
7
423
1
424
255
425
255
426
255
427
8
428
6
429
1
430
1
431
254
432
255
433
255
434
8
435
34
436
2
437
14
438
119
439
0
440
5
441
60
442
25
443
0
444
2
445
20
446
119
447
0
448
5
449
23
450
119
451
0
452
2
453
17
454
119
455
0
456
5
457
20
458
119
459
0
460
2
461
14
462
119
463
0
464
5
465
17
466
119
467
0
468
2
469
60
470
25
471
0
472
22
473
14
474
119
475
0
476
7
477
28
478
43
479
6
480
0
481
28
482
43
483
28
484
2
485
20
486
119
487
0
488
5
489
23
490
119
491
0
492
2
493
17
494
119
495
0
496
5
497
20
498
119
499
0
500
2
501
14
502
119
503
0
504
5
505
17
506
119
507
0
508
1
509
0
510
0
511
0
512
5
513
14
514
119
515
0
516
2
517
17
518
119
519
0
520
4
521
14
522
119
523
0
524
17
525
49
526
2
527
0
528
2
529
20
530
119
531
0
532
5
533
23
534
119
535
0
536
2
537
17
538
119
539
0
540
5
541
20
542
119
543
0
544
2
545
14
546
119
547
0
548
5
549
17
550
119
551
0
552
1
553
0
554
0
555
0
556
5
557
14
558
119
559
0
560
34
561
2
562
20
563
119
564
0
565
5
566
23
567
119
568
0
569
2
570
17
571
119
572
0
573
5
574
20
575
119
576
0
577
2
578
14
579
119
580
0
581
5
582
17
583
119
584
0
585
2
586
60
587
25
588
0
589
22
590
14
591
119
592
0
593
7
594
28
595
43
596
6
597
0
598
28
599
43
600
28
601
33
602
162
603
1
604
0
605
2
606
60
607
25
608
0
609
41
610
5
611
60
612
25
613
0
614
15
615
188
616
1
617
0
618
33
619
80
620
20
621
0
622
33
623
180
624
1
625
0
626
34
627
2
628
20
629
119
630
0
631
5
632
23
633
119
634
0
635
2
636
17
637
119
638
0
639
5
640
20
641
119
642
0
643
2
644
14
645
119
646
0
647
5
648
17
649
119
650
0
651
1
652
10
653
0
654
0
655
5
656
14
657
119
658
0
659
33
660
162
661
1
662
0
663
34
664
2
665
14
666
119
667
0
668
5
669
60
670
25
671
0
672
33
673
140
674
1
675
0
676
1
677
57
678
25
679
0
680
22
681
14
682
119
683
0
684
27
685
8
686
2
687
20
688
119
689
0
690
5
691
23
692
119
693
0
694
2
695
17
696
119
697
0
698
5
699
20
700
119
701
0
702
2
703
14
704
119
705
0
706
5
707
17
708
119
709
0
710
1
711
57
712
25
713
0
714
22
715
14
716
119
717
0
718
7
719
28
720
43
721
6
722
0
723
28
724
43
725
28
726
2
727
20
728
119
729
0
730
5
731
23
732
119
733
0
734
2
735
17
736
119
737
0
738
5
739
20
740
119
741
0
742
2
743
14
744
119
745
0
746
5
747
17
748
119
749
0
750
1
751
10
752
0
753
0
754
5
755
14
756
119
757
0
758
2
759
17
760
119
761
0
762
4
763
14
764
119
765
0
766
16
767
65
768
3
769
0
770
2
771
20
772
119
773
0
774
5
775
23
776
119
777
0
778
2
779
17
780
119
781
0
782
5
783
20
784
119
785
0
786
2
787
14
788
119
789
0
790
5
791
17
792
119
793
0
794
1
795
57
796
25
797
0
798
22
799
14
800
119
801
0
802
7
803
28
804
43
805
6
806
0
807
28
808
43
809
28
810
2
811
60
812
25
813
0
814
22
815
14
816
119
817
0
818
27
819
8
820
2
821
60
822
25
823
0
824
41
825
5
826
60
827
25
828
0
829
15
830
160
831
2
832
0
833
2
834
20
835
119
836
0
837
5
838
23
839
119
840
0
841
2
842
17
843
119
844
0
845
5
846
20
847
119
848
0
849
2
850
14
851
119
852
0
853
5
854
17
855
119
856
0
857
1
858
0
859
0
860
0
861
5
862
14
863
119
864
0
865
2
866
60
867
25
868
0
869
22
870
14
871
119
872
0
873
27
874
8
875
2
876
20
877
119
878
0
879
5
880
23
881
119
882
0
883
2
884
17
885
119
886
0
887
5
888
20
889
119
890
0
891
2
892
14
893
119
894
0
895
5
896
17
897
119
898
0
899
1
900
57
901
25
902
0
903
22
904
14
905
119
906
0
907
7
908
28
909
43
910
6
911
0
912
28
913
43
914
28
915
34
916
2
917
14
918
119
919
0
920
5
921
48
922
25
923
0
924
2
925
14
926
119
927
0
928
5
929
26
930
119
931
0
932
2
933
17
934
119
935
0
936
5
937
14
938
119
939
0
940
2
941
26
942
119
943
0
944
5
945
17
946
119
947
0
948
2
949
14
950
119
951
0
952
5
953
45
954
25
955
0
956
2
957
20
958
119
959
0
960
5
961
23
962
119
963
0
964
2
965
17
966
119
967
0
968
5
969
20
970
119
971
0
972
2
973
14
974
119
975
0
976
5
977
17
978
119
979
0
980
2
981
45
982
25
983
0
984
22
985
14
986
119
987
0
988
7
989
28
990
43
991
6
992
0
993
28
994
43
995
28
996
2
997
20
998
119
999
0
1000
5
1001
23
1002
119
1003
0
1004
2
1005
17
1006
119
1007
0
1008
5
1009
20
1010
119
1011
0
1012
2
1013
14
1014
119
1015
0
1016
5
1017
17
1018
119
1019
0
1020
2
1021
48
1022
25
1023
0
1024
22
1025
14
1026
119
1027
0
1028
7
1029
28
1030
43
1031
6
1032
0
1033
28
1034
43
1035
28
1036
2
1037
17
1038
119
1039
0
1040
4
1041
14
1042
119
1043
0
1044
16
1045
57
1046
4
1047
0
1048
2
1049
20
1050
119
1051
0
1052
5
1053
23
1054
119
1055
0
1056
2
1057
17
1058
119
1059
0
1060
5
1061
20
1062
119
1063
0
1064
2
1065
14
1066
119
1067
0
1068
5
1069
17
1070
119
1071
0
1072
1
1073
1
1074
0
1075
0
1076
5
1077
14
1078
119
1079
0
1080
34
1081
2
1082
20
1083
119
1084
0
1085
5
1086
23
1087
119
1088
0
1089
2
1090
17
1091
119
1092
0
1093
5
1094
20
1095
119
1096
0
1097
2
1098
14
1099
119
1100
0
1101
5
1102
17
1103
119
1104
0
1105
2
1106
45
1107
25
1108
0
1109
22
1110
14
1111
119
1112
0
1113
7
1114
28
1115
43
1116
6
1117
0
1118
28
1119
43
1120
28
1121
2
1122
20
1123
119
1124
0
1125
5
1126
23
1127
119
1128
0
1129
2
1130
17
1131
119
1132
0
1133
5
1134
20
1135
119
1136
0
1137
2
1138
14
1139
119
1140
0
1141
5
1142
17
1143
119
1144
0
1145
1
1146
0
1147
0
1148
0
1149
5
1150
14
1151
119
1152
0
1153
2
1154
17
1155
119
1156
0
1157
4
1158
14
1159
119
1160
0
1161
17
1162
174
1163
4
1164
0
1165
2
1166
20
1167
119
1168
0
1169
5
1170
23
1171
119
1172
0
1173
2
1174
17
1175
119
1176
0
1177
5
1178
20
1179
119
1180
0
1181
2
1182
14
1183
119
1184
0
1185
5
1186
17
1187
119
1188
0
1189
1
1190
0
1191
0
1192
0
1193
5
1194
14
1195
119
1196
0
1197
34
1198
2
1199
45
1200
25
1201
0
1202
41
1203
5
1204
45
1205
25
1206
0
1207
2
1208
48
1209
25
1210
0
1211
41
1212
5
1213
48
1214
25
1215
0
1216
15
1217
188
1218
3
1219
0
1220
2
1221
14
1222
119
1223
0
1224
5
1225
51
1226
25
1227
0
1228
2
1229
17
1230
119
1231
0
1232
5
1233
14
1234
119
1235
0
1236
2
1237
20
1238
119
1239
0
1240
5
1241
17
1242
119
1243
0
1244
2
1245
23
1246
119
1247
0
1248
5
1249
20
1250
119
1251
0
1252
2
1253
14
1254
119
1255
0
1256
5
1257
48
1258
25
1259
0
1260
2
1261
17
1262
119
1263
0
1264
5
1265
14
1266
119
1267
0
1268
2
1269
20
1270
119
1271
0
1272
5
1273
17
1274
119
1275
0
1276
2
1277
23
1278
119
1279
0
1280
5
1281
20
1282
119
1283
0
1284
2
1285
14
1286
119
1287
0
1288
5
1289
45
1290
25
1291
0
1292
2
1293
20
1294
119
1295
0
1296
5
1297
23
1298
119
1299
0
1300
2
1301
17
1302
119
1303
0
1304
5
1305
20
1306
119
1307
0
1308
2
1309
14
1310
119
1311
0
1312
5
1313
17
1314
119
1315
0
1316
1
1317
0
1318
0
1319
0
1320
5
1321
14
1322
119
1323
0
1324
2
1325
20
1326
119
1327
0
1328
5
1329
23
1330
119
1331
0
1332
2
1333
17
1334
119
1335
0
1336
5
1337
20
1338
119
1339
0
1340
2
1341
14
1342
119
1343
0
1344
5
1345
17
1346
119
1347
0
1348
2
1349
51
1350
25
1351
0
1352
5
1353
14
1354
119
1355
0
1356
2
1357
17
1358
119
1359
0
1360
4
1361
14
1362
119
1363
0
1364
5
1365
26
1366
119
1367
0
1368
1
1369
28
1370
119
1371
0
1372
6
1373
128
1374
11
1375
17
1376
132
1377
5
1378
0
1379
2
1380
20
1381
119
1382
0
1383
5
1384
23
1385
119
1386
0
1387
2
1388
17
1389
119
1390
0
1391
5
1392
20
1393
119
1394
0
1395
2
1396
14
1397
119
1398
0
1399
5
1400
17
1401
119
1402
0
1403
1
1404
0
1405
0
1406
0
1407
5
1408
14
1409
119
1410
0
1411
34
1412
2
1413
20
1414
119
1415
0
1416
5
1417
23
1418
119
1419
0
1420
2
1421
17
1422
119
1423
0
1424
5
1425
20
1426
119
1427
0
1428
2
1429
14
1430
119
1431
0
1432
5
1433
17
1434
119
1435
0
1436
2
1437
45
1438
25
1439
0
1440
22
1441
14
1442
119
1443
0
1444
7
1445
28
1446
43
1447
6
1448
0
1449
28
1450
43
1451
28
1452
2
1453
20
1454
119
1455
0
1456
5
1457
23
1458
119
1459
0
1460
2
1461
17
1462
119
1463
0
1464
5
1465
20
1466
119
1467
0
1468
2
1469
14
1470
119
1471
0
1472
5
1473
17
1474
119
1475
0
1476
2
1477
48
1478
25
1479
0
1480
22
1481
14
1482
119
1483
0
1484
7
1485
28
1486
43
1487
6
1488
0
1489
28
1490
43
1491
28
1492
2
1493
17
1494
119
1495
0
1496
4
1497
14
1498
119
1499
0
1500
16
1501
1
1502
6
1503
0
1504
2
1505
20
1506
119
1507
0
1508
5
1509
23
1510
119
1511
0
1512
2
1513
17
1514
119
1515
0
1516
5
1517
20
1518
119
1519
0
1520
2
1521
14
1522
119
1523
0
1524
5
1525
17
1526
119
1527
0
1528
1
1529
1
1530
0
1531
0
1532
5
1533
14
1534
119
1535
0
1536
34
1537
2
1538
20
1539
119
1540
0
1541
5
1542
23
1543
119
1544
0
1545
2
1546
17
1547
119
1548
0
1549
5
1550
20
1551
119
1552
0
1553
2
1554
14
1555
119
1556
0
1557
5
1558
17
1559
119
1560
0
1561
2
1562
45
1563
25
1564
0
1565
22
1566
14
1567
119
1568
0
1569
7
1570
28
1571
43
1572
6
1573
0
1574
28
1575
43
1576
28
1577
2
1578
20
1579
119
1580
0
1581
5
1582
23
1583
119
1584
0
1585
2
1586
17
1587
119
1588
0
1589
5
1590
20
1591
119
1592
0
1593
2
1594
14
1595
119
1596
0
1597
5
1598
17
1599
119
1600
0
1601
1
1602
0
1603
0
1604
0
1605
5
1606
14
1607
119
1608
0
1609
2
1610
17
1611
119
1612
0
1613
4
1614
14
1615
119
1616
0
1617
17
1618
118
1619
6
1620
0
1621
2
1622
20
1623
119
1624
0
1625
5
1626
23
1627
119
1628
0
1629
2
1630
17
1631
119
1632
0
1633
5
1634
20
1635
119
1636
0
1637
2
1638
14
1639
119
1640
0
1641
5
1642
17
1643
119
1644
0
1645
1
1646
0
1647
0
1648
0
1649
5
1650
14
1651
119
1652
0
1653
34
1654
2
1655
45
1656
25
1657
0
1658
41
1659
5
1660
45
1661
25
1662
0
1663
2
1664
48
1665
25
1666
0
1667
41
1668
5
1669
48
1670
25
1671
0
1672
2
1673
51
1674
25
1675
0
1676
42
1677
5
1678
51
1679
25
1680
0
1681
15
1682
12
1683
5
1684
0
1685
2
1686
14
1687
119
1688
0
1689
5
1690
48
1691
25
1692
0
1693
2
1694
14
1695
119
1696
0
1697
5
1698
26
1699
119
1700
0
1701
2
1702
17
1703
119
1704
0
1705
5
1706
14
1707
119
1708
0
1709
2
1710
26
1711
119
1712
0
1713
5
1714
17
1715
119
1716
0
1717
2
1718
14
1719
119
1720
0
1721
5
1722
45
1723
25
1724
0
1725
2
1726
20
1727
119
1728
0
1729
5
1730
23
1731
119
1732
0
1733
2
1734
17
1735
119
1736
0
1737
5
1738
20
1739
119
1740
0
1741
2
1742
14
1743
119
1744
0
1745
5
1746
17
1747
119
1748
0
1749
2
1750
45
1751
25
1752
0
1753
22
1754
14
1755
119
1756
0
1757
7
1758
28
1759
43
1760
6
1761
0
1762
28
1763
43
1764
28
1765
2
1766
48
1767
25
1768
0
1769
22
1770
14
1771
119
1772
0
1773
27
1774
8
1775
2
1776
14
1777
119
1778
0
1779
5
1780
51
1781
25
1782
0
1783
2
1784
45
1785
25
1786
0
1787
41
1788
5
1789
45
1790
25
1791
0
1792
2
1793
48
1794
25
1795
0
1796
41
1797
5
1798
48
1799
25
1800
0
1801
2
1802
20
1803
119
1804
0
1805
5
1806
23
1807
119
1808
0
1809
2
1810
17
1811
119
1812
0
1813
5
1814
20
1815
119
1816
0
1817
2
1818
14
1819
119
1820
0
1821
5
1822
17
1823
119
1824
0
1825
2
1826
51
1827
25
1828
0
1829
5
1830
14
1831
119
1832
0
1833
2
1834
20
1835
119
1836
0
1837
5
1838
23
1839
119
1840
0
1841
2
1842
17
1843
119
1844
0
1845
5
1846
20
1847
119
1848
0
1849
2
1850
14
1851
119
1852
0
1853
5
1854
17
1855
119
1856
0
1857
1
1858
0
1859
0
1860
0
1861
5
1862
14
1863
119
1864
0
1865
2
1866
17
1867
119
1868
0
1869
4
1870
14
1871
119
1872
0
1873
17
1874
189
1875
6
1876
0
1877
34
1878
2
1879
14
1880
119
1881
0
1882
5
1883
51
1884
25
1885
0
1886
2
1887
17
1888
119
1889
0
1890
5
1891
14
1892
119
1893
0
1894
2
1895
20
1896
119
1897
0
1898
5
1899
17
1900
119
1901
0
1902
2
1903
23
1904
119
1905
0
1906
5
1907
20
1908
119
1909
0
1910
2
1911
14
1912
119
1913
0
1914
5
1915
48
1916
25
1917
0
1918
2
1919
17
1920
119
1921
0
1922
5
1923
14
1924
119
1925
0
1926
2
1927
20
1928
119
1929
0
1930
5
1931
17
1932
119
1933
0
1934
2
1935
23
1936
119
1937
0
1938
5
1939
20
1940
119
1941
0
1942
2
1943
14
1944
119
1945
0
1946
5
1947
45
1948
25
1949
0
1950
2
1951
20
1952
119
1953
0
1954
5
1955
23
1956
119
1957
0
1958
2
1959
17
1960
119
1961
0
1962
5
1963
20
1964
119
1965
0
1966
2
1967
14
1968
119
1969
0
1970
5
1971
17
1972
119
1973
0
1974
1
1975
0
1976
0
1977
0
1978
5
1979
14
1980
119
1981
0
1982
2
1983
20
1984
119
1985
0
1986
5
1987
23
1988
119
1989
0
1990
2
1991
17
1992
119
1993
0
1994
5
1995
20
1996
119
1997
0
1998
2
1999
14
2000
119
2001
0
2002
5
2003
17
2004
119
2005
0
2006
2
2007
51
2008
25
2009
0
2010
5
2011
14
2012
119
2013
0
2014
2
2015
17
2016
119
2017
0
2018
4
2019
14
2020
119
2021
0
2022
5
2023
26
2024
119
2025
0
2026
1
2027
28
2028
119
2029
0
2030
6
2031
128
2032
11
2033
17
2034
32
2035
8
2036
0
2037
2
2038
20
2039
119
2040
0
2041
5
2042
23
2043
119
2044
0
2045
2
2046
17
2047
119
2048
0
2049
5
2050
20
2051
119
2052
0
2053
2
2054
14
2055
119
2056
0
2057
5
2058
17
2059
119
2060
0
2061
1
2062
0
2063
0
2064
0
2065
5
2066
14
2067
119
2068
0
2069
2
2070
48
2071
25
2072
0
2073
22
2074
14
2075
119
2076
0
2077
27
2078
8
2079
34
2080
2
2081
20
2082
119
2083
0
2084
5
2085
23
2086
119
2087
0
2088
2
2089
17
2090
119
2091
0
2092
5
2093
20
2094
119
2095
0
2096
2
2097
14
2098
119
2099
0
2100
5
2101
17
2102
119
2103
0
2104
2
2105
45
2106
25
2107
0
2108
22
2109
14
2110
119
2111
0
2112
7
2113
28
2114
43
2115
6
2116
0
2117
28
2118
43
2119
28
2120
2
2121
48
2122
25
2123
0
2124
22
2125
14
2126
119
2127
0
2128
27
2129
8
2130
2
2131
14
2132
119
2133
0
2134
5
2135
54
2136
25
2137
0
2138
2
2139
45
2140
25
2141
0
2142
41
2143
5
2144
45
2145
25
2146
0
2147
2
2148
48
2149
25
2150
0
2151
41
2152
5
2153
48
2154
25
2155
0
2156
2
2157
51
2158
25
2159
0
2160
42
2161
5
2162
51
2163
25
2164
0
2165
2
2166
20
2167
119
2168
0
2169
5
2170
23
2171
119
2172
0
2173
2
2174
17
2175
119
2176
0
2177
5
2178
20
2179
119
2180
0
2181
2
2182
14
2183
119
2184
0
2185
5
2186
17
2187
119
2188
0
2189
2
2190
54
2191
25
2192
0
2193
5
2194
14
2195
119
2196
0
2197
2
2198
20
2199
119
2200
0
2201
5
2202
23
2203
119
2204
0
2205
2
2206
17
2207
119
2208
0
2209
5
2210
20
2211
119
2212
0
2213
2
2214
14
2215
119
2216
0
2217
5
2218
17
2219
119
2220
0
2221
1
2222
0
2223
0
2224
0
2225
5
2226
14
2227
119
2228
0
2229
2
2230
17
2231
119
2232
0
2233
4
2234
14
2235
119
2236
0
2237
17
2238
158
2239
7
2240
0
2241
34
2242
2
2243
14
2244
119
2245
0
2246
5
2247
48
2248
25
2249
0
2250
2
2251
14
2252
119
2253
0
2254
5
2255
26
2256
119
2257
0
2258
2
2259
17
2260
119
2261
0
2262
5
2263
14
2264
119
2265
0
2266
2
2267
26
2268
119
2269
0
2270
5
2271
17
2272
119
2273
0
2274
2
2275
14
2276
119
2277
0
2278
5
2279
45
2280
25
2281
0
2282
2
2283
20
2284
119
2285
0
2286
5
2287
23
2288
119
2289
0
2290
2
2291
17
2292
119
2293
0
2294
5
2295
20
2296
119
2297
0
2298
2
2299
14
2300
119
2301
0
2302
5
2303
17
2304
119
2305
0
2306
2
2307
48
2308
25
2309
0
2310
22
2311
14
2312
119
2313
0
2314
7
2315
28
2316
43
2317
6
2318
0
2319
28
2320
43
2321
28
2322
2
2323
20
2324
119
2325
0
2326
5
2327
23
2328
119
2329
0
2330
2
2331
17
2332
119
2333
0
2334
5
2335
20
2336
119
2337
0
2338
2
2339
14
2340
119
2341
0
2342
5
2343
17
2344
119
2345
0
2346
1
2347
0
2348
0
2349
0
2350
5
2351
14
2352
119
2353
0
2354
2
2355
17
2356
119
2357
0
2358
4
2359
14
2360
119
2361
0
2362
16
2363
75
2364
9
2365
0
2366
2
2367
48
2368
25
2369
0
2370
41
2371
5
2372
48
2373
25
2374
0
2375
15
2376
234
2377
8
2378
0
2379
2
2380
20
2381
119
2382
0
2383
5
2384
23
2385
119
2386
0
2387
2
2388
17
2389
119
2390
0
2391
5
2392
20
2393
119
2394
0
2395
2
2396
14
2397
119
2398
0
2399
5
2400
17
2401
119
2402
0
2403
2
2404
45
2405
25
2406
0
2407
22
2408
14
2409
119
2410
0
2411
7
2412
28
2413
43
2414
6
2415
0
2416
28
2417
43
2418
28
2419
2
2420
48
2421
25
2422
0
2423
22
2424
14
2425
119
2426
0
2427
27
2428
8
2429
2
2430
14
2431
119
2432
0
2433
5
2434
51
2435
25
2436
0
2437
2
2438
45
2439
25
2440
0
2441
41
2442
5
2443
45
2444
25
2445
0
2446
2
2447
48
2448
25
2449
0
2450
41
2451
5
2452
48
2453
25
2454
0
2455
2
2456
20
2457
119
2458
0
2459
5
2460
23
2461
119
2462
0
2463
2
2464
17
2465
119
2466
0
2467
5
2468
20
2469
119
2470
0
2471
2
2472
14
2473
119
2474
0
2475
5
2476
17
2477
119
2478
0
2479
2
2480
51
2481
25
2482
0
2483
5
2484
14
2485
119
2486
0
2487
2
2488
20
2489
119
2490
0
2491
5
2492
23
2493
119
2494
0
2495
2
2496
17
2497
119
2498
0
2499
5
2500
20
2501
119
2502
0
2503
2
2504
14
2505
119
2506
0
2507
5
2508
17
2509
119
2510
0
2511
1
2512
0
2513
0
2514
0
2515
5
2516
14
2517
119
2518
0
2519
2
2520
17
2521
119
2522
0
2523
4
2524
14
2525
119
2526
0
2527
17
2528
75
2529
9
2530
0
2531
34
2532
2
2533
14
2534
119
2535
0
2536
5
2537
48
2538
25
2539
0
2540
2
2541
14
2542
119
2543
0
2544
5
2545
26
2546
119
2547
0
2548
2
2549
17
2550
119
2551
0
2552
5
2553
14
2554
119
2555
0
2556
2
2557
26
2558
119
2559
0
2560
5
2561
17
2562
119
2563
0
2564
2
2565
14
2566
119
2567
0
2568
5
2569
45
2570
25
2571
0
2572
2
2573
20
2574
119
2575
0
2576
5
2577
23
2578
119
2579
0
2580
2
2581
17
2582
119
2583
0
2584
5
2585
20
2586
119
2587
0
2588
2
2589
14
2590
119
2591
0
2592
5
2593
17
2594
119
2595
0
2596
2
2597
45
2598
25
2599
0
2600
22
2601
14
2602
119
2603
0
2604
7
2605
28
2606
43
2607
6
2608
0
2609
28
2610
43
2611
28
2612
2
2613
20
2614
119
2615
0
2616
5
2617
23
2618
119
2619
0
2620
2
2621
17
2622
119
2623
0
2624
5
2625
20
2626
119
2627
0
2628
2
2629
14
2630
119
2631
0
2632
5
2633
17
2634
119
2635
0
2636
1
2637
0
2638
0
2639
0
2640
5
2641
14
2642
119
2643
0
2644
2
2645
17
2646
119
2647
0
2648
4
2649
14
2650
119
2651
0
2652
17
2653
129
2654
10
2655
0
2656
2
2657
20
2658
119
2659
0
2660
5
2661
23
2662
119
2663
0
2664
2
2665
17
2666
119
2667
0
2668
5
2669
20
2670
119
2671
0
2672
2
2673
14
2674
119
2675
0
2676
5
2677
17
2678
119
2679
0
2680
1
2681
0
2682
0
2683
0
2684
5
2685
14
2686
119
2687
0
2688
34
2689
2
2690
20
2691
119
2692
0
2693
5
2694
23
2695
119
2696
0
2697
2
2698
17
2699
119
2700
0
2701
5
2702
20
2703
119
2704
0
2705
2
2706
14
2707
119
2708
0
2709
5
2710
17
2711
119
2712
0
2713
2
2714
45
2715
25
2716
0
2717
5
2718
14
2719
119
2720
0
2721
2
2722
14
2723
119
2724
0
2725
5
2726
51
2727
25
2728
0
2729
2
2730
20
2731
119
2732
0
2733
5
2734
23
2735
119
2736
0
2737
2
2738
17
2739
119
2740
0
2741
5
2742
20
2743
119
2744
0
2745
2
2746
14
2747
119
2748
0
2749
5
2750
17
2751
119
2752
0
2753
2
2754
48
2755
25
2756
0
2757
5
2758
14
2759
119
2760
0
2761
2
2762
14
2763
119
2764
0
2765
5
2766
54
2767
25
2768
0
2769
2
2770
20
2771
119
2772
0
2773
5
2774
23
2775
119
2776
0
2777
2
2778
17
2779
119
2780
0
2781
5
2782
20
2783
119
2784
0
2785
2
2786
14
2787
119
2788
0
2789
5
2790
17
2791
119
2792
0
2793
2
2794
51
2795
25
2796
0
2797
22
2798
14
2799
119
2800
0
2801
7
2802
28
2803
43
2804
6
2805
0
2806
28
2807
43
2808
28
2809
2
2810
20
2811
119
2812
0
2813
5
2814
23
2815
119
2816
0
2817
2
2818
17
2819
119
2820
0
2821
5
2822
20
2823
119
2824
0
2825
2
2826
14
2827
119
2828
0
2829
5
2830
17
2831
119
2832
0
2833
2
2834
54
2835
25
2836
0
2837
22
2838
14
2839
119
2840
0
2841
7
2842
28
2843
43
2844
6
2845
0
2846
28
2847
43
2848
28
2849
2
2850
17
2851
119
2852
0
2853
4
2854
14
2855
119
2856
0
2857
16
2858
58
2859
11
2860
0
2861
2
2862
45
2863
25
2864
0
2865
41
2866
5
2867
45
2868
25
2869
0
2870
15
2871
12
2872
10
2873
0
2874
2
2875
51
2876
25
2877
0
2878
41
2879
5
2880
51
2881
25
2882
0
2883
2
2884
54
2885
25
2886
0
2887
41
2888
5
2889
54
2890
25
2891
0
2892
2
2893
20
2894
119
2895
0
2896
5
2897
23
2898
119
2899
0
2900
2
2901
17
2902
119
2903
0
2904
5
2905
20
2906
119
2907
0
2908
2
2909
14
2910
119
2911
0
2912
5
2913
17
2914
119
2915
0
2916
2
2917
54
2918
25
2919
0
2920
22
2921
14
2922
119
2923
0
2924
7
2925
28
2926
43
2927
6
2928
0
2929
28
2930
43
2931
28
2932
2
2933
20
2934
119
2935
0
2936
5
2937
23
2938
119
2939
0
2940
2
2941
17
2942
119
2943
0
2944
5
2945
20
2946
119
2947
0
2948
2
2949
14
2950
119
2951
0
2952
5
2953
17
2954
119
2955
0
2956
1
2957
0
2958
0
2959
0
2960
5
2961
14
2962
119
2963
0
2964
2
2965
17
2966
119
2967
0
2968
4
2969
14
2970
119
2971
0
2972
17
2973
209
2974
10
2975
0
2976
2
2977
20
2978
119
2979
0
2980
5
2981
23
2982
119
2983
0
2984
2
2985
17
2986
119
2987
0
2988
5
2989
20
2990
119
2991
0
2992
2
2993
14
2994
119
2995
0
2996
5
2997
17
2998
119
2999
0
3000
2
3001
45
3002
25
3003
0
3004
5
3005
14
3006
119
3007
0
3008
34
3009
2
3010
14
3011
119
3012
0
3013
5
3014
45
3015
25
3016
0
3017
2
3018
20
3019
119
3020
0
3021
5
3022
23
3023
119
3024
0
3025
2
3026
17
3027
119
3028
0
3029
5
3030
20
3031
119
3032
0
3033
2
3034
14
3035
119
3036
0
3037
5
3038
17
3039
119
3040
0
3041
1
3042
0
3043
0
3044
0
3045
5
3046
14
3047
119
3048
0
3049
2
3050
14
3051
119
3052
0
3053
5
3054
48
3055
25
3056
0
3057
2
3058
20
3059
119
3060
0
3061
5
3062
23
3063
119
3064
0
3065
2
3066
17
3067
119
3068
0
3069
5
3070
20
3071
119
3072
0
3073
2
3074
14
3075
119
3076
0
3077
5
3078
17
3079
119
3080
0
3081
2
3082
45
3083
25
3084
0
3085
22
3086
14
3087
119
3088
0
3089
7
3090
28
3091
43
3092
6
3093
0
3094
28
3095
43
3096
28
3097
2
3098
20
3099
119
3100
0
3101
5
3102
23
3103
119
3104
0
3105
2
3106
17
3107
119
3108
0
3109
5
3110
20
3111
119
3112
0
3113
2
3114
14
3115
119
3116
0
3117
5
3118
17
3119
119
3120
0
3121
1
3122
0
3123
0
3124
0
3125
5
3126
14
3127
119
3128
0
3129
2
3130
17
3131
119
3132
0
3133
4
3134
14
3135
119
3136
0
3137
17
3138
102
3139
12
3140
0
3141
2
3142
20
3143
119
3144
0
3145
5
3146
23
3147
119
3148
0
3149
2
3150
17
3151
119
3152
0
3153
5
3154
20
3155
119
3156
0
3157
2
3158
14
3159
119
3160
0
3161
5
3162
17
3163
119
3164
0
3165
2
3166
48
3167
25
3168
0
3169
5
3170
14
3171
119
3172
0
3173
34
3174
2
3175
45
3176
25
3177
0
3178
41
3179
5
3180
45
3181
25
3182
0
3183
2
3184
48
3185
25
3186
0
3187
41
3188
5
3189
48
3190
25
3191
0
3192
15
3193
241
3194
11
3195
0
3196
2
3197
14
3198
119
3199
0
3200
5
3201
48
3202
25
3203
0
3204
2
3205
14
3206
119
3207
0
3208
5
3209
26
3210
119
3211
0
3212
2
3213
17
3214
119
3215
0
3216
5
3217
14
3218
119
3219
0
3220
2
3221
26
3222
119
3223
0
3224
5
3225
17
3226
119
3227
0
3228
2
3229
14
3230
119
3231
0
3232
5
3233
45
3234
25
3235
0
3236
2
3237
20
3238
119
3239
0
3240
5
3241
23
3242
119
3243
0
3244
2
3245
17
3246
119
3247
0
3248
5
3249
20
3250
119
3251
0
3252
2
3253
14
3254
119
3255
0
3256
5
3257
17
3258
119
3259
0
3260
1
3261
1
3262
0
3263
0
3264
5
3265
14
3266
119
3267
0
3268
2
3269
14
3270
119
3271
0
3272
5
3273
51
3274
25
3275
0
3276
2
3277
20
3278
119
3279
0
3280
5
3281
23
3282
119
3283
0
3284
2
3285
17
3286
119
3287
0
3288
5
3289
20
3290
119
3291
0
3292
2
3293
14
3294
119
3295
0
3296
5
3297
17
3298
119
3299
0
3300
1
3301
0
3302
0
3303
0
3304
5
3305
14
3306
119
3307
0
3308
2
3309
14
3310
119
3311
0
3312
5
3313
54
3314
25
3315
0
3316
2
3317
20
3318
119
3319
0
3320
5
3321
23
3322
119
3323
0
3324
2
3325
17
3326
119
3327
0
3328
5
3329
20
3330
119
3331
0
3332
2
3333
14
3334
119
3335
0
3336
5
3337
17
3338
119
3339
0
3340
2
3341
45
3342
25
3343
0
3344
22
3345
14
3346
119
3347
0
3348
7
3349
28
3350
43
3351
6
3352
0
3353
28
3354
43
3355
28
3356
2
3357
20
3358
119
3359
0
3360
5
3361
23
3362
119
3363
0
3364
2
3365
17
3366
119
3367
0
3368
5
3369
20
3370
119
3371
0
3372
2
3373
14
3374
119
3375
0
3376
5
3377
17
3378
119
3379
0
3380
1
3381
43
3382
0
3383
0
3384
5
3385
14
3386
119
3387
0
3388
2
3389
17
3390
119
3391
0
3392
4
3393
14
3394
119
3395
0
3396
17
3397
81
3398
13
3399
0
3400
2
3401
45
3402
25
3403
0
3404
41
3405
5
3406
45
3407
25
3408
0
3409
2
3410
20
3411
119
3412
0
3413
5
3414
23
3415
119
3416
0
3417
2
3418
17
3419
119
3420
0
3421
5
3422
20
3423
119
3424
0
3425
2
3426
14
3427
119
3428
0
3429
5
3430
17
3431
119
3432
0
3433
2
3434
45
3435
25
3436
0
3437
22
3438
14
3439
119
3440
0
3441
7
3442
28
3443
43
3444
6
3445
0
3446
28
3447
43
3448
28
3449
2
3450
20
3451
119
3452
0
3453
5
3454
23
3455
119
3456
0
3457
2
3458
17
3459
119
3460
0
3461
5
3462
20
3463
119
3464
0
3465
2
3466
14
3467
119
3468
0
3469
5
3470
17
3471
119
3472
0
3473
1
3474
45
3475
0
3476
0
3477
5
3478
14
3479
119
3480
0
3481
2
3482
17
3483
119
3484
0
3485
4
3486
14
3487
119
3488
0
3489
17
3490
214
3491
13
3492
0
3493
2
3494
45
3495
25
3496
0
3497
41
3498
5
3499
45
3500
25
3501
0
3502
2
3503
20
3504
119
3505
0
3506
5
3507
23
3508
119
3509
0
3510
2
3511
17
3512
119
3513
0
3514
5
3515
20
3516
119
3517
0
3518
2
3519
14
3520
119
3521
0
3522
5
3523
17
3524
119
3525
0
3526
1
3527
255
3528
255
3529
255
3530
5
3531
14
3532
119
3533
0
3534
2
3535
14
3536
119
3537
0
3538
5
3539
51
3540
25
3541
0
3542
2
3543
20
3544
119
3545
0
3546
5
3547
23
3548
119
3549
0
3550
2
3551
17
3552
119
3553
0
3554
5
3555
20
3556
119
3557
0
3558
2
3559
14
3560
119
3561
0
3562
5
3563
17
3564
119
3565
0
3566
1
3567
0
3568
0
3569
0
3570
5
3571
14
3572
119
3573
0
3574
2
3575
14
3576
119
3577
0
3578
5
3579
57
3580
25
3581
0
3582
2
3583
20
3584
119
3585
0
3586
5
3587
23
3588
119
3589
0
3590
2
3591
17
3592
119
3593
0
3594
5
3595
20
3596
119
3597
0
3598
2
3599
14
3600
119
3601
0
3602
5
3603
17
3604
119
3605
0
3606
2
3607
57
3608
25
3609
0
3610
5
3611
14
3612
119
3613
0
3614
2
3615
20
3616
119
3617
0
3618
5
3619
23
3620
119
3621
0
3622
2
3623
17
3624
119
3625
0
3626
5
3627
20
3628
119
3629
0
3630
2
3631
14
3632
119
3633
0
3634
5
3635
17
3636
119
3637
0
3638
2
3639
48
3640
25
3641
0
3642
5
3643
14
3644
119
3645
0
3646
2
3647
17
3648
119
3649
0
3650
4
3651
14
3652
119
3653
0
3654
5
3655
26
3656
119
3657
0
3658
1
3659
28
3660
119
3661
0
3662
6
3663
128
3664
11
3665
17
3666
162
3667
14
3668
0
3669
2
3670
20
3671
119
3672
0
3673
5
3674
23
3675
119
3676
0
3677
2
3678
17
3679
119
3680
0
3681
5
3682
20
3683
119
3684
0
3685
2
3686
14
3687
119
3688
0
3689
5
3690
17
3691
119
3692
0
3693
2
3694
51
3695
25
3696
0
3697
5
3698
14
3699
119
3700
0
3701
2
3702
20
3703
119
3704
0
3705
5
3706
23
3707
119
3708
0
3709
2
3710
17
3711
119
3712
0
3713
5
3714
20
3715
119
3716
0
3717
2
3718
14
3719
119
3720
0
3721
5
3722
17
3723
119
3724
0
3725
2
3726
54
3727
25
3728
0
3729
5
3730
14
3731
119
3732
0
3733
33
3734
13
3735
0
3736
0
3737
2
3738
29
3739
119
3740
0
3741
5
3742
14
3743
119
3744
0
3745
34
3746
2
3747
20
3748
119
3749
0
3750
5
3751
23
3752
119
3753
0
3754
2
3755
17
3756
119
3757
0
3758
5
3759
20
3760
119
3761
0
3762
2
3763
14
3764
119
3765
0
3766
5
3767
17
3768
119
3769
0
3770
1
3771
185
3772
24
3773
0
3774
3
3775
57
3776
25
3777
0
3778
22
3779
14
3780
119
3781
0
3782
7
3783
28
3784
6
3785
0
3786
43
3787
28
3788
43
3789
28
3790
2
3791
20
3792
119
3793
0
3794
5
3795
23
3796
119
3797
0
3798
2
3799
17
3800
119
3801
0
3802
5
3803
20
3804
119
3805
0
3806
2
3807
14
3808
119
3809
0
3810
5
3811
17
3812
119
3813
0
3814
2
3815
45
3816
25
3817
0
3818
22
3819
14
3820
119
3821
0
3822
7
3823
28
3824
43
3825
6
3826
0
3827
28
3828
43
3829
28
3830
2
3831
17
3832
119
3833
0
3834
4
3835
14
3836
119
3837
0
3838
16
3839
15
3840
15
3841
0
3842
2
3843
57
3844
25
3845
0
3846
41
3847
5
3848
57
3849
25
3850
0
3851
15
3852
254
3853
13
3854
0
3855
2
3856
20
3857
119
3858
0
3859
5
3860
23
3861
119
3862
0
3863
2
3864
17
3865
119
3866
0
3867
5
3868
20
3869
119
3870
0
3871
2
3872
14
3873
119
3874
0
3875
5
3876
17
3877
119
3878
0
3879
2
3880
54
3881
25
3882
0
3883
5
3884
14
3885
119
3886
0
3887
2
3888
20
3889
119
3890
0
3891
5
3892
23
3893
119
3894
0
3895
2
3896
17
3897
119
3898
0
3899
5
3900
20
3901
119
3902
0
3903
2
3904
14
3905
119
3906
0
3907
5
3908
17
3909
119
3910
0
3911
2
3912
48
3913
25
3914
0
3915
5
3916
14
3917
119
3918
0
3919
33
3920
112
3921
0
3922
0
3923
2
3924
29
3925
119
3926
0
3927
5
3928
14
3929
119
3930
0
3931
2
3932
20
3933
119
3934
0
3935
5
3936
23
3937
119
3938
0
3939
2
3940
17
3941
119
3942
0
3943
5
3944
20
3945
119
3946
0
3947
2
3948
14
3949
119
3950
0
3951
5
3952
17
3953
119
3954
0
3955
2
3956
57
3957
25
3958
0
3959
5
3960
14
3961
119
3962
0
3963
2
3964
17
3965
119
3966
0
3967
3
3968
14
3969
119
3970
0
3971
5
3972
14
3973
119
3974
0
3975
2
3976
14
3977
119
3978
0
3979
5
3980
54
3981
25
3982
0
3983
2
3984
45
3985
25
3986
0
3987
41
3988
5
3989
45
3990
25
3991
0
3992
15
3993
214
3994
13
3995
0
3996
2
3997
14
3998
119
3999
0
4000
5
4001
48
4002
25
4003
0
4004
2
4005
14
4006
119
4007
0
4008
5
4009
26
4010
119
4011
0
4012
2
4013
17
4014
119
4015
0
4016
5
4017
14
4018
119
4019
0
4020
2
4021
26
4022
119
4023
0
4024
5
4025
17
4026
119
4027
0
4028
2
4029
14
4030
119
4031
0
4032
5
4033
45
4034
25
4035
0
4036
2
4037
20
4038
119
4039
0
4040
5
4041
23
4042
119
4043
0
4044
2
4045
17
4046
119
4047
0
4048
5
4049
20
4050
119
4051
0
4052
2
4053
14
4054
119
4055
0
4056
5
4057
17
4058
119
4059
0
4060
2
4061
45
4062
25
4063
0
4064
5
4065
14
4066
119
4067
0
4068
2
4069
20
4070
119
4071
0
4072
5
4073
23
4074
119
4075
0
4076
2
4077
17
4078
119
4079
0
4080
5
4081
20
4082
119
4083
0
4084
2
4085
14
4086
119
4087
0
4088
5
4089
17
4090
119
4091
0
4092
1
4093
0
4094
0
4095
0
4096
5
4097
14
4098
119
4099
0
4100
2
4101
17
4102
119
4103
0
4104
4
4105
14
4106
119
4107
0
4108
17
4109
117
4110
16
4111
0
4112
2
4113
20
4114
119
4115
0
4116
5
4117
23
4118
119
4119
0
4120
2
4121
17
4122
119
4123
0
4124
5
4125
20
4126
119
4127
0
4128
2
4129
14
4130
119
4131
0
4132
5
4133
17
4134
119
4135
0
4136
1
4137
202
4138
24
4139
0
4140
5
4141
14
4142
119
4143
0
4144
2
4145
20
4146
119
4147
0
4148
5
4149
23
4150
119
4151
0
4152
2
4153
17
4154
119
4155
0
4156
5
4157
20
4158
119
4159
0
4160
2
4161
14
4162
119
4163
0
4164
5
4165
17
4166
119
4167
0
4168
1
4169
225
4170
24
4171
0
4172
5
4173
14
4174
119
4175
0
4176
33
4177
149
4178
6
4179
0
4180
2
4181
20
4182
119
4183
0
4184
5
4185
23
4186
119
4187
0
4188
2
4189
17
4190
119
4191
0
4192
5
4193
20
4194
119
4195
0
4196
2
4197
14
4198
119
4199
0
4200
5
4201
17
4202
119
4203
0
4204
1
4205
225
4206
24
4207
0
4208
5
4209
14
4210
119
4211
0
4212
34
4213
2
4214
20
4215
119
4216
0
4217
5
4218
23
4219
119
4220
0
4221
2
4222
17
4223
119
4224
0
4225
5
4226
20
4227
119
4228
0
4229
2
4230
14
4231
119
4232
0
4233
5
4234
17
4235
119
4236
0
4237
1
4238
225
4239
24
4240
0
4241
5
4242
14
4243
119
4244
0
4245
2
4246
14
4247
119
4248
0
4249
5
4250
51
4251
25
4252
0
4253
2
4254
20
4255
119
4256
0
4257
5
4258
23
4259
119
4260
0
4261
2
4262
17
4263
119
4264
0
4265
5
4266
20
4267
119
4268
0
4269
2
4270
14
4271
119
4272
0
4273
5
4274
17
4275
119
4276
0
4277
1
4278
1
4279
0
4280
0
4281
5
4282
14
4283
119
4284
0
4285
2
4286
14
4287
119
4288
0
4289
5
4290
54
4291
25
4292
0
4293
2
4294
20
4295
119
4296
0
4297
5
4298
23
4299
119
4300
0
4301
2
4302
17
4303
119
4304
0
4305
5
4306
20
4307
119
4308
0
4309
2
4310
14
4311
119
4312
0
4313
5
4314
17
4315
119
4316
0
4317
2
4318
45
4319
25
4320
0
4321
5
4322
14
4323
119
4324
0
4325
2
4326
14
4327
119
4328
0
4329
5
4330
57
4331
25
4332
0
4333
2
4334
20
4335
119
4336
0
4337
5
4338
23
4339
119
4340
0
4341
2
4342
17
4343
119
4344
0
4345
5
4346
20
4347
119
4348
0
4349
2
4350
14
4351
119
4352
0
4353
5
4354
17
4355
119
4356
0
4357
2
4358
57
4359
25
4360
0
4361
5
4362
14
4363
119
4364
0
4365
2
4366
20
4367
119
4368
0
4369
5
4370
23
4371
119
4372
0
4373
2
4374
17
4375
119
4376
0
4377
5
4378
20
4379
119
4380
0
4381
2
4382
14
4383
119
4384
0
4385
5
4386
17
4387
119
4388
0
4389
2
4390
48
4391
25
4392
0
4393
5
4394
14
4395
119
4396
0
4397
2
4398
17
4399
119
4400
0
4401
4
4402
14
4403
119
4404
0
4405
5
4406
26
4407
119
4408
0
4409
1
4410
28
4411
119
4412
0
4413
6
4414
128
4415
11
4416
17
4417
240
4418
17
4419
0
4420
2
4421
20
4422
119
4423
0
4424
5
4425
23
4426
119
4427
0
4428
2
4429
17
4430
119
4431
0
4432
5
4433
20
4434
119
4435
0
4436
2
4437
14
4438
119
4439
0
4440
5
4441
17
4442
119
4443
0
4444
2
4445
57
4446
25
4447
0
4448
5
4449
14
4450
119
4451
0
4452
2
4453
20
4454
119
4455
0
4456
5
4457
23
4458
119
4459
0
4460
2
4461
17
4462
119
4463
0
4464
5
4465
20
4466
119
4467
0
4468
2
4469
14
4470
119
4471
0
4472
5
4473
17
4474
119
4475
0
4476
2
4477
48
4478
25
4479
0
4480
5
4481
14
4482
119
4483
0
4484
33
4485
24
4486
1
4487
0
4488
2
4489
29
4490
119
4491
0
4492
5
4493
14
4494
119
4495
0
4496
2
4497
14
4498
119
4499
0
4500
5
4501
57
4502
25
4503
0
4504
2
4505
20
4506
119
4507
0
4508
5
4509
23
4510
119
4511
0
4512
2
4513
17
4514
119
4515
0
4516
5
4517
20
4518
119
4519
0
4520
2
4521
14
4522
119
4523
0
4524
5
4525
17
4526
119
4527
0
4528
2
4529
54
4530
25
4531
0
4532
5
4533
14
4534
119
4535
0
4536
2
4537
20
4538
119
4539
0
4540
5
4541
23
4542
119
4543
0
4544
2
4545
17
4546
119
4547
0
4548
5
4549
20
4550
119
4551
0
4552
2
4553
14
4554
119
4555
0
4556
5
4557
17
4558
119
4559
0
4560
2
4561
48
4562
25
4563
0
4564
5
4565
14
4566
119
4567
0
4568
33
4569
112
4570
0
4571
0
4572
2
4573
29
4574
119
4575
0
4576
5
4577
14
4578
119
4579
0
4580
2
4581
14
4582
119
4583
0
4584
5
4585
54
4586
25
4587
0
4588
15
4589
237
4590
16
4591
0
4592
2
4593
20
4594
119
4595
0
4596
5
4597
23
4598
119
4599
0
4600
2
4601
17
4602
119
4603
0
4604
5
4605
20
4606
119
4607
0
4608
2
4609
14
4610
119
4611
0
4612
5
4613
17
4614
119
4615
0
4616
2
4617
45
4618
25
4619
0
4620
5
4621
14
4622
119
4623
0
4624
2
4625
20
4626
119
4627
0
4628
5
4629
23
4630
119
4631
0
4632
2
4633
17
4634
119
4635
0
4636
5
4637
20
4638
119
4639
0
4640
2
4641
14
4642
119
4643
0
4644
5
4645
17
4646
119
4647
0
4648
2
4649
54
4650
25
4651
0
4652
5
4653
14
4654
119
4655
0
4656
33
4657
24
4658
1
4659
0
4660
2
4661
29
4662
119
4663
0
4664
5
4665
14
4666
119
4667
0
4668
2
4669
14
4670
119
4671
0
4672
5
4673
57
4674
25
4675
0
4676
2
4677
20
4678
119
4679
0
4680
5
4681
23
4682
119
4683
0
4684
2
4685
17
4686
119
4687
0
4688
5
4689
20
4690
119
4691
0
4692
2
4693
14
4694
119
4695
0
4696
5
4697
17
4698
119
4699
0
4700
2
4701
54
4702
25
4703
0
4704
5
4705
14
4706
119
4707
0
4708
2
4709
20
4710
119
4711
0
4712
5
4713
23
4714
119
4715
0
4716
2
4717
17
4718
119
4719
0
4720
5
4721
20
4722
119
4723
0
4724
2
4725
14
4726
119
4727
0
4728
5
4729
17
4730
119
4731
0
4732
2
4733
57
4734
25
4735
0
4736
5
4737
14
4738
119
4739
0
4740
33
4741
112
4742
0
4743
0
4744
2
4745
29
4746
119
4747
0
4748
5
4749
14
4750
119
4751
0
4752
2
4753
20
4754
119
4755
0
4756
5
4757
23
4758
119
4759
0
4760
2
4761
17
4762
119
4763
0
4764
5
4765
20
4766
119
4767
0
4768
2
4769
14
4770
119
4771
0
4772
5
4773
17
4774
119
4775
0
4776
2
4777
45
4778
25
4779
0
4780
5
4781
14
4782
119
4783
0
4784
2
4785
14
4786
119
4787
0
4788
5
4789
26
4790
119
4791
0
4792
2
4793
17
4794
119
4795
0
4796
5
4797
14
4798
119
4799
0
4800
2
4801
26
4802
119
4803
0
4804
5
4805
17
4806
119
4807
0
4808
2
4809
17
4810
119
4811
0
4812
4
4813
14
4814
119
4815
0
4816
5
4817
14
4818
119
4819
0
4820
2
4821
14
4822
119
4823
0
4824
5
4825
45
4826
25
4827
0
4828
2
4829
20
4830
119
4831
0
4832
5
4833
23
4834
119
4835
0
4836
2
4837
17
4838
119
4839
0
4840
5
4841
20
4842
119
4843
0
4844
2
4845
14
4846
119
4847
0
4848
5
4849
17
4850
119
4851
0
4852
1
4853
204
4854
24
4855
0
4856
3
4857
57
4858
25
4859
0
4860
22
4861
14
4862
119
4863
0
4864
7
4865
28
4866
6
4867
0
4868
43
4869
28
4870
43
4871
28
4872
2
4873
51
4874
25
4875
0
4876
22
4877
14
4878
119
4879
0
4880
27
4881
8
4882
2
4883
51
4884
25
4885
0
4886
41
4887
5
4888
51
4889
25
4890
0
4891
2
4892
20
4893
119
4894
0
4895
5
4896
23
4897
119
4898
0
4899
2
4900
17
4901
119
4902
0
4903
5
4904
20
4905
119
4906
0
4907
2
4908
14
4909
119
4910
0
4911
5
4912
17
4913
119
4914
0
4915
2
4916
54
4917
25
4918
0
4919
5
4920
14
4921
119
4922
0
4923
2
4924
20
4925
119
4926
0
4927
5
4928
23
4929
119
4930
0
4931
2
4932
17
4933
119
4934
0
4935
5
4936
20
4937
119
4938
0
4939
2
4940
14
4941
119
4942
0
4943
5
4944
17
4945
119
4946
0
4947
2
4948
48
4949
25
4950
0
4951
5
4952
14
4953
119
4954
0
4955
33
4956
24
4957
1
4958
0
4959
2
4960
29
4961
119
4962
0
4963
5
4964
14
4965
119
4966
0
4967
2
4968
14
4969
119
4970
0
4971
5
4972
54
4973
25
4974
0
4975
2
4976
20
4977
119
4978
0
4979
5
4980
23
4981
119
4982
0
4983
2
4984
17
4985
119
4986
0
4987
5
4988
20
4989
119
4990
0
4991
2
4992
14
4993
119
4994
0
4995
5
4996
17
4997
119
4998
0
4999
2
5000
54
5001
25
5002
0
5003
5
5004
14
5005
119
5006
0
5007
2
5008
20
5009
119
5010
0
5011
5
5012
23
5013
119
5014
0
5015
2
5016
17
5017
119
5018
0
5019
5
5020
20
5021
119
5022
0
5023
2
5024
14
5025
119
5026
0
5027
5
5028
17
5029
119
5030
0
5031
1
5032
0
5033
0
5034
0
5035
5
5036
14
5037
119
5038
0
5039
2
5040
17
5041
119
5042
0
5043
4
5044
14
5045
119
5046
0
5047
17
5048
240
5049
17
5050
0
5051
2
5052
20
5053
119
5054
0
5055
5
5056
23
5057
119
5058
0
5059
2
5060
17
5061
119
5062
0
5063
5
5064
20
5065
119
5066
0
5067
2
5068
14
5069
119
5070
0
5071
5
5072
17
5073
119
5074
0
5075
1
5076
0
5077
0
5078
0
5079
5
5080
14
5081
119
5082
0
5083
2
5084
51
5085
25
5086
0
5087
22
5088
14
5089
119
5090
0
5091
27
5092
8
5093
2
5094
20
5095
119
5096
0
5097
5
5098
23
5099
119
5100
0
5101
2
5102
17
5103
119
5104
0
5105
5
5106
20
5107
119
5108
0
5109
2
5110
14
5111
119
5112
0
5113
5
5114
17
5115
119
5116
0
5117
1
5118
225
5119
24
5120
0
5121
5
5122
14
5123
119
5124
0
5125
34
5126
2
5127
20
5128
119
5129
0
5130
5
5131
23
5132
119
5133
0
5134
2
5135
17
5136
119
5137
0
5138
5
5139
20
5140
119
5141
0
5142
2
5143
14
5144
119
5145
0
5146
5
5147
17
5148
119
5149
0
5150
1
5151
2
5152
0
5153
0
5154
5
5155
14
5156
119
5157
0
5158
33
5159
156
5160
15
5161
0
5162
34
5163
2
5164
20
5165
119
5166
0
5167
5
5168
23
5169
119
5170
0
5171
2
5172
17
5173
119
5174
0
5175
5
5176
20
5177
119
5178
0
5179
2
5180
14
5181
119
5182
0
5183
5
5184
17
5185
119
5186
0
5187
1
5188
8
5189
0
5190
0
5191
5
5192
14
5193
119
5194
0
5195
33
5196
156
5197
15
5198
0
5199
34
5200
2
5201
14
5202
119
5203
0
5204
5
5205
45
5206
25
5207
0
5208
2
5209
20
5210
119
5211
0
5212
5
5213
23
5214
119
5215
0
5216
2
5217
17
5218
119
5219
0
5220
5
5221
20
5222
119
5223
0
5224
2
5225
14
5226
119
5227
0
5228
5
5229
17
5230
119
5231
0
5232
2
5233
45
5234
25
5235
0
5236
5
5237
14
5238
119
5239
0
5240
2
5241
20
5242
119
5243
0
5244
5
5245
23
5246
119
5247
0
5248
2
5249
17
5250
119
5251
0
5252
5
5253
20
5254
119
5255
0
5256
2
5257
14
5258
119
5259
0
5260
5
5261
17
5262
119
5263
0
5264
1
5265
0
5266
0
5267
0
5268
5
5269
14
5270
119
5271
0
5272
2
5273
17
5274
119
5275
0
5276
4
5277
14
5278
119
5279
0
5280
5
5281
26
5282
119
5283
0
5284
1
5285
28
5286
119
5287
0
5288
6
5289
128
5290
11
5291
17
5292
244
5293
20
5294
0
5295
2
5296
20
5297
119
5298
0
5299
5
5300
23
5301
119
5302
0
5303
2
5304
17
5305
119
5306
0
5307
5
5308
20
5309
119
5310
0
5311
2
5312
14
5313
119
5314
0
5315
5
5316
17
5317
119
5318
0
5319
2
5320
45
5321
25
5322
0
5323
5
5324
14
5325
119
5326
0
5327
2
5328
20
5329
119
5330
0
5331
5
5332
23
5333
119
5334
0
5335
2
5336
17
5337
119
5338
0
5339
5
5340
20
5341
119
5342
0
5343
2
5344
14
5345
119
5346
0
5347
5
5348
17
5349
119
5350
0
5351
1
5352
10
5353
0
5354
0
5355
5
5356
14
5357
119
5358
0
5359
33
5360
156
5361
15
5362
0
5363
34
5364
2
5365
20
5366
119
5367
0
5368
5
5369
23
5370
119
5371
0
5372
2
5373
17
5374
119
5375
0
5376
5
5377
20
5378
119
5379
0
5380
2
5381
14
5382
119
5383
0
5384
5
5385
17
5386
119
5387
0
5388
2
5389
45
5390
25
5391
0
5392
5
5393
14
5394
119
5395
0
5396
1
5397
0
5398
0
5399
0
5400
4
5401
14
5402
119
5403
0
5404
5
5405
14
5406
119
5407
0
5408
2
5409
20
5410
119
5411
0
5412
5
5413
23
5414
119
5415
0
5416
2
5417
17
5418
119
5419
0
5420
5
5421
20
5422
119
5423
0
5424
2
5425
14
5426
119
5427
0
5428
5
5429
17
5430
119
5431
0
5432
1
5433
10
5434
0
5435
0
5436
5
5437
14
5438
119
5439
0
5440
33
5441
156
5442
15
5443
0
5444
2
5445
20
5446
119
5447
0
5448
5
5449
23
5450
119
5451
0
5452
2
5453
17
5454
119
5455
0
5456
5
5457
20
5458
119
5459
0
5460
2
5461
14
5462
119
5463
0
5464
5
5465
17
5466
119
5467
0
5468
1
5469
45
5470
0
5471
0
5472
5
5473
14
5474
119
5475
0
5476
1
5477
224
5478
24
5479
0
5480
22
5481
14
5482
119
5483
0
5484
27
5485
8
5486
2
5487
20
5488
119
5489
0
5490
5
5491
23
5492
119
5493
0
5494
2
5495
17
5496
119
5497
0
5498
5
5499
20
5500
119
5501
0
5502
2
5503
14
5504
119
5505
0
5506
5
5507
17
5508
119
5509
0
5510
1
5511
224
5512
24
5513
0
5514
5
5515
14
5516
119
5517
0
5518
34
5519
2
5520
20
5521
119
5522
0
5523
5
5524
23
5525
119
5526
0
5527
2
5528
17
5529
119
5530
0
5531
5
5532
20
5533
119
5534
0
5535
2
5536
14
5537
119
5538
0
5539
5
5540
17
5541
119
5542
0
5543
1
5544
16
5545
0
5546
0
5547
5
5548
14
5549
119
5550
0
5551
33
5552
156
5553
15
5554
0
5555
34
5556
2
5557
14
5558
119
5559
0
5560
5
5561
72
5562
25
5563
0
5564
34
5565
2
5566
20
5567
119
5568
0
5569
5
5570
23
5571
119
5572
0
5573
2
5574
17
5575
119
5576
0
5577
5
5578
20
5579
119
5580
0
5581
2
5582
14
5583
119
5584
0
5585
5
5586
17
5587
119
5588
0
5589
2
5590
72
5591
25
5592
0
5593
5
5594
14
5595
119
5596
0
5597
2
5598
20
5599
119
5600
0
5601
5
5602
23
5603
119
5604
0
5605
2
5606
17
5607
119
5608
0
5609
5
5610
20
5611
119
5612
0
5613
2
5614
14
5615
119
5616
0
5617
5
5618
17
5619
119
5620
0
5621
1
5622
3
5623
0
5624
0
5625
5
5626
14
5627
119
5628
0
5629
2
5630
17
5631
119
5632
0
5633
3
5634
14
5635
119
5636
0
5637
5
5638
14
5639
119
5640
0
5641
2
5642
14
5643
119
5644
0
5645
5
5646
72
5647
25
5648
0
5649
2
5650
20
5651
119
5652
0
5653
5
5654
23
5655
119
5656
0
5657
2
5658
17
5659
119
5660
0
5661
5
5662
20
5663
119
5664
0
5665
2
5666
14
5667
119
5668
0
5669
5
5670
17
5671
119
5672
0
5673
1
5674
253
5675
255
5676
255
5677
3
5678
72
5679
25
5680
0
5681
22
5682
14
5683
119
5684
0
5685
7
5686
28
5687
41
5688
43
5689
7
5690
28
5691
41
5692
43
5693
7
5694
28
5695
34
5696
2
5697
14
5698
119
5699
0
5700
5
5701
45
5702
25
5703
0
5704
2
5705
20
5706
119
5707
0
5708
5
5709
23
5710
119
5711
0
5712
2
5713
17
5714
119
5715
0
5716
5
5717
20
5718
119
5719
0
5720
2
5721
14
5722
119
5723
0
5724
5
5725
17
5726
119
5727
0
5728
2
5729
45
5730
25
5731
0
5732
5
5733
14
5734
119
5735
0
5736
2
5737
20
5738
119
5739
0
5740
5
5741
23
5742
119
5743
0
5744
2
5745
17
5746
119
5747
0
5748
5
5749
20
5750
119
5751
0
5752
2
5753
14
5754
119
5755
0
5756
5
5757
17
5758
119
5759
0
5760
1
5761
0
5762
0
5763
0
5764
5
5765
14
5766
119
5767
0
5768
2
5769
17
5770
119
5771
0
5772
4
5773
14
5774
119
5775
0
5776
5
5777
26
5778
119
5779
0
5780
1
5781
28
5782
119
5783
0
5784
6
5785
128
5786
11
5787
17
5788
192
5789
22
5790
0
5791
2
5792
20
5793
119
5794
0
5795
5
5796
23
5797
119
5798
0
5799
2
5800
17
5801
119
5802
0
5803
5
5804
20
5805
119
5806
0
5807
2
5808
14
5809
119
5810
0
5811
5
5812
17
5813
119
5814
0
5815
2
5816
45
5817
25
5818
0
5819
5
5820
14
5821
119
5822
0
5823
34
5824
2
5825
20
5826
119
5827
0
5828
5
5829
23
5830
119
5831
0
5832
2
5833
17
5834
119
5835
0
5836
5
5837
20
5838
119
5839
0
5840
2
5841
14
5842
119
5843
0
5844
5
5845
17
5846
119
5847
0
5848
1
5849
0
5850
0
5851
0
5852
5
5853
14
5854
119
5855
0
5856
2
5857
20
5858
119
5859
0
5860
5
5861
23
5862
119
5863
0
5864
2
5865
17
5866
119
5867
0
5868
5
5869
20
5870
119
5871
0
5872
2
5873
14
5874
119
5875
0
5876
5
5877
17
5878
119
5879
0
5880
2
5881
45
5882
25
5883
0
5884
5
5885
14
5886
119
5887
0
5888
2
5889
17
5890
119
5891
0
5892
4
5893
14
5894
119
5895
0
5896
5
5897
14
5898
119
5899
0
5900
34
5901
0
5902
0
5903
0
5904
1
5905
0
5906
0
5907
0
5908
0
5909
128
5910
0
5911
0
5912
128
5913
2
5914
20
5915
119
5916
0
5917
5
5918
23
5919
119
5920
0
5921
2
5922
17
5923
119
5924
0
5925
5
5926
20
5927
119
5928
0
5929
2
5930
14
5931
119
5932
0
5933
5
5934
17
5935
119
5936
0
5937
1
5938
0
5939
0
5940
0
5941
5
5942
14
5943
119
5944
0
5945
2
5946
14
5947
119
5948
0
5949
5
5950
35
5951
119
5952
0
5953
2
5954
20
5955
119
5956
0
5957
5
5958
23
5959
119
5960
0
5961
2
5962
17
5963
119
5964
0
5965
5
5966
20
5967
119
5968
0
5969
2
5970
14
5971
119
5972
0
5973
5
5974
17
5975
119
5976
0
5977
1
5978
10
5979
0
5980
0
5981
5
5982
14
5983
119
5984
0
5985
2
5986
14
5987
119
5988
0
5989
5
5990
38
5991
119
5992
0
5993
2
5994
20
5995
119
5996
0
5997
5
5998
23
5999
119
6000
0
6001
2
6002
17
6003
119
6004
0
6005
5
6006
20
6007
119
6008
0
6009
2
6010
14
6011
119
6012
0
6013
5
6014
17
6015
119
6016
0
6017
1
6018
1
6019
0
6020
0
6021
5
6022
14
6023
119
6024
0
6025
2
6026
14
6027
119
6028
0
6029
5
6030
41
6031
119
6032
0
6033
2
6034
20
6035
119
6036
0
6037
5
6038
23
6039
119
6040
0
6041
2
6042
17
6043
119
6044
0
6045
5
6046
20
6047
119
6048
0
6049
2
6050
14
6051
119
6052
0
6053
5
6054
17
6055
119
6056
0
6057
1
6058
185
6059
23
6060
0
6061
5
6062
14
6063
119
6064
0
6065
2
6066
14
6067
119
6068
0
6069
5
6070
44
6071
119
6072
0
6073
2
6074
20
6075
119
6076
0
6077
5
6078
23
6079
119
6080
0
6081
2
6082
17
6083
119
6084
0
6085
5
6086
20
6087
119
6088
0
6089
2
6090
14
6091
119
6092
0
6093
5
6094
17
6095
119
6096
0
6097
2
6098
35
6099
119
6100
0
6101
5
6102
14
6103
119
6104
0
6105
33
6106
106
6107
2
6108
0
6109
33
6110
115
6111
2
6112
0
6113
2
6114
20
6115
119
6116
0
6117
5
6118
23
6119
119
6120
0
6121
2
6122
17
6123
119
6124
0
6125
5
6126
20
6127
119
6128
0
6129
2
6130
14
6131
119
6132
0
6133
5
6134
17
6135
119
6136
0
6137
2
6138
35
6139
119
6140
0
6141
5
6142
14
6143
119
6144
0
6145
2
6146
20
6147
119
6148
0
6149
5
6150
23
6151
119
6152
0
6153
2
6154
17
6155
119
6156
0
6157
5
6158
20
6159
119
6160
0
6161
2
6162
14
6163
119
6164
0
6165
5
6166
17
6167
119
6168
0
6169
2
6170
38
6171
119
6172
0
6173
5
6174
14
6175
119
6176
0
6177
2
6178
17
6179
119
6180
0
6181
4
6182
14
6183
119
6184
0
6185
16
6186
166
6187
24
6188
0
6189
2
6190
20
6191
119
6192
0
6193
5
6194
23
6195
119
6196
0
6197
2
6198
17
6199
119
6200
0
6201
5
6202
20
6203
119
6204
0
6205
2
6206
14
6207
119
6208
0
6209
5
6210
17
6211
119
6212
0
6213
2
6214
35
6215
119
6216
0
6217
5
6218
14
6219
119
6220
0
6221
2
6222
20
6223
119
6224
0
6225
5
6226
23
6227
119
6228
0
6229
2
6230
17
6231
119
6232
0
6233
5
6234
20
6235
119
6236
0
6237
2
6238
14
6239
119
6240
0
6241
5
6242
17
6243
119
6244
0
6245
2
6246
41
6247
119
6248
0
6249
5
6250
14
6251
119
6252
0
6253
2
6254
17
6255
119
6256
0
6257
3
6258
14
6259
119
6260
0
6261
5
6262
14
6263
119
6264
0
6265
2
6266
14
6267
119
6268
0
6269
5
6270
35
6271
119
6272
0
6273
2
6274
20
6275
119
6276
0
6277
5
6278
23
6279
119
6280
0
6281
2
6282
17
6283
119
6284
0
6285
5
6286
20
6287
119
6288
0
6289
2
6290
14
6291
119
6292
0
6293
5
6294
17
6295
119
6296
0
6297
2
6298
44
6299
119
6300
0
6301
5
6302
14
6303
119
6304
0
6305
2
6306
14
6307
119
6308
0
6309
20
6310
0
6311
0
6312
0
6313
34
6320
115
6321
116
6322
100
6323
105
6324
111
6325
46
6326
114
6327
104
6328
0
6329
48
6330
49
6331
50
6332
51
6333
52
6334
53
6335
54
6336
55
6337
56
6338
57
6339
97
6340
98
6341
99
6342
100
6343
101
6344
102
6345
0
6346
48
6347
0
6348
48
6349
49
6350
50
6351
51
6352
52
6353
53
6354
54
6355
55
6356
56
6357
57
6358
97
6359
98
6360
99
6361
100
6362
101
6363
102
6364
0
